c:\users\利姆露\source\repos\neubugmakers\shop_assistant\project1\project1\x64\debug\vc142.pdb
c:\users\利姆露\source\repos\neubugmakers\shop_assistant\project1\project1\x64\debug\vc142.idb
c:\users\利姆露\source\repos\neubugmakers\shop_assistant\project1\project1\x64\debug\sr_data.nativecodeanalysis.sarif
c:\users\利姆露\source\repos\neubugmakers\shop_assistant\project1\project1\x64\debug\sr_data.nativecodeanalysis.xml
c:\users\利姆露\source\repos\neubugmakers\shop_assistant\project1\project1\x64\debug\main_test.nativecodeanalysis.sarif
c:\users\利姆露\source\repos\neubugmakers\shop_assistant\project1\project1\x64\debug\main_test.nativecodeanalysis.xml
c:\users\利姆露\source\repos\neubugmakers\shop_assistant\project1\project1\x64\debug\c_goodsvector.nativecodeanalysis.sarif
c:\users\利姆露\source\repos\neubugmakers\shop_assistant\project1\project1\x64\debug\c_goodsvector.nativecodeanalysis.xml
c:\users\利姆露\source\repos\neubugmakers\shop_assistant\project1\project1\x64\debug\c_goods.nativecodeanalysis.sarif
c:\users\利姆露\source\repos\neubugmakers\shop_assistant\project1\project1\x64\debug\c_goods.nativecodeanalysis.xml
c:\users\利姆露\source\repos\neubugmakers\shop_assistant\project1\project1\x64\debug\b_vector.nativecodeanalysis.sarif
c:\users\利姆露\source\repos\neubugmakers\shop_assistant\project1\project1\x64\debug\b_vector.nativecodeanalysis.xml
c:\users\利姆露\source\repos\neubugmakers\shop_assistant\project1\project1\x64\debug\b_time.nativecodeanalysis.sarif
c:\users\利姆露\source\repos\neubugmakers\shop_assistant\project1\project1\x64\debug\b_time.nativecodeanalysis.xml
c:\users\利姆露\source\repos\neubugmakers\shop_assistant\project1\project1\x64\debug\b_list.nativecodeanalysis.sarif
c:\users\利姆露\source\repos\neubugmakers\shop_assistant\project1\project1\x64\debug\b_list.nativecodeanalysis.xml
c:\users\利姆露\source\repos\neubugmakers\shop_assistant\project1\project1\x64\debug\b_list.obj
c:\users\利姆露\source\repos\neubugmakers\shop_assistant\project1\project1\x64\debug\b_time.obj
c:\users\利姆露\source\repos\neubugmakers\shop_assistant\project1\project1\x64\debug\b_vector.obj
c:\users\利姆露\source\repos\neubugmakers\shop_assistant\project1\project1\x64\debug\c_goods.obj
c:\users\利姆露\source\repos\neubugmakers\shop_assistant\project1\project1\x64\debug\c_goodsvector.obj
c:\users\利姆露\source\repos\neubugmakers\shop_assistant\project1\project1\x64\debug\main_test.obj
c:\users\利姆露\source\repos\neubugmakers\shop_assistant\project1\project1\x64\debug\sr_data.obj
c:\users\利姆露\source\repos\neubugmakers\shop_assistant\project1\x64\debug\project1.ilk
c:\users\利姆露\source\repos\neubugmakers\shop_assistant\project1\x64\debug\project1.exe
c:\users\利姆露\source\repos\neubugmakers\shop_assistant\project1\x64\debug\project1.pdb
c:\users\利姆露\source\repos\neubugmakers\shop_assistant\project1\project1\x64\debug\vc.nativecodeanalysis.all.xml
c:\users\利姆露\source\repos\neubugmakers\shop_assistant\project1\project1\x64\debug\project1.tlog\cl.command.1.tlog
c:\users\利姆露\source\repos\neubugmakers\shop_assistant\project1\project1\x64\debug\project1.tlog\cl.read.1.tlog
c:\users\利姆露\source\repos\neubugmakers\shop_assistant\project1\project1\x64\debug\project1.tlog\cl.write.1.tlog
c:\users\利姆露\source\repos\neubugmakers\shop_assistant\project1\project1\x64\debug\project1.tlog\link.command.1.tlog
c:\users\利姆露\source\repos\neubugmakers\shop_assistant\project1\project1\x64\debug\project1.tlog\link.read.1.tlog
c:\users\利姆露\source\repos\neubugmakers\shop_assistant\project1\project1\x64\debug\project1.tlog\link.write.1.tlog
